\BOOKMARK [1][-]{section.1}{Introduction}{}% 1
\BOOKMARK [1][-]{section.2}{Methodology}{}% 2
\BOOKMARK [2][-]{subsection.2.1}{Data Acquisition}{section.2}% 3
\BOOKMARK [3][-]{subsubsection.2.1.1}{Volunteer Training}{subsection.2.1}% 4
\BOOKMARK [2][-]{subsection.2.2}{Data Analysis}{section.2}% 5
\BOOKMARK [3][-]{subsubsection.2.2.1}{Monte Carlo Estimations of Unsheltered Probability Densities}{subsection.2.2}% 6
\BOOKMARK [2][-]{subsection.2.3}{Duplicate Measurements}{section.2}% 7
\BOOKMARK [1][-]{section.3}{Results}{}% 8
\BOOKMARK [2][-]{subsection.3.1}{Hollywood CoC}{section.3}% 9
\BOOKMARK [2][-]{subsection.3.2}{East Hollywood CoC}{section.3}% 10
\BOOKMARK [2][-]{subsection.3.3}{Comparison to 2020}{section.3}% 11
\BOOKMARK [1][-]{section.4}{Discussion}{}% 12
\BOOKMARK [2][-]{subsection.4.1}{Null Entries and TAY}{section.4}% 13
\BOOKMARK [2][-]{subsection.4.2}{CVRTM Biases}{section.4}% 14
\BOOKMARK [3][-]{subsubsection.4.2.1}{Nulling the 2021 Result}{subsection.4.2}% 15
\BOOKMARK [3][-]{subsubsection.4.2.2}{Examining Past Variability}{subsection.4.2}% 16
\BOOKMARK [3][-]{subsubsection.4.2.3}{Relying on Smaller Geographies}{subsection.4.2}% 17
\BOOKMARK [3][-]{subsubsection.4.2.4}{Using External Data}{subsection.4.2}% 18
\BOOKMARK [1][-]{section.5}{Summary}{}% 19
\BOOKMARK [1][-]{appendix.A}{Example Documents}{}% 20
\BOOKMARK [1][-]{appendix.B}{Full Tract-level Results}{}% 21
